<?xml version="1.0" encoding="UTF-8"?>
<testng-results ignored="0" total="1" passed="1" failed="0" skipped="0">
  <reporter-output>
    <line>
      <![CDATA[createEditDeleteAlbum has been passed]]>
    </line>
  </reporter-output>
  <suite started-at="2024-08-25T14:02:18 IST" name="Default suite" finished-at="2024-08-25T14:02:53 IST" duration-ms="34801">
    <groups>
    </groups>
    <test started-at="2024-08-25T14:02:18 IST" name="Default test" finished-at="2024-08-25T14:02:53 IST" duration-ms="34801">
      <class name="com.spotify.testscript.AlbumModule">
        <test-method is-config="true" signature="openBrowser()[pri:0, instance:com.spotify.testscript.AlbumModule@6f204a1a]" started-at="2024-08-25T14:02:18 IST" name="openBrowser" finished-at="2024-08-25T14:02:26 IST" duration-ms="7902" status="PASS">
          <reporter-output>
          </reporter-output>
        </test-method> <!-- openBrowser -->
        <test-method is-config="true" signature="login()[pri:0, instance:com.spotify.testscript.AlbumModule@6f204a1a]" started-at="2024-08-25T14:02:26 IST" name="login" finished-at="2024-08-25T14:02:30 IST" duration-ms="4016" status="PASS">
          <reporter-output>
          </reporter-output>
        </test-method> <!-- login -->
        <test-method signature="createEditDeleteAlbum()[pri:0, instance:com.spotify.testscript.AlbumModule@6f204a1a]" started-at="2024-08-25T14:02:30 IST" name="createEditDeleteAlbum" finished-at="2024-08-25T14:02:51 IST" duration-ms="21492" status="PASS">
          <reporter-output>
            <line>
              <![CDATA[createEditDeleteAlbum has been passed]]>
            </line>
          </reporter-output>
        </test-method> <!-- createEditDeleteAlbum -->
        <test-method is-config="true" signature="logout()[pri:0, instance:com.spotify.testscript.AlbumModule@6f204a1a]" started-at="2024-08-25T14:02:51 IST" name="logout" finished-at="2024-08-25T14:02:52 IST" duration-ms="624" status="PASS">
          <reporter-output>
          </reporter-output>
        </test-method> <!-- logout -->
        <test-method is-config="true" signature="closeBrowser()[pri:0, instance:com.spotify.testscript.AlbumModule@6f204a1a]" started-at="2024-08-25T14:02:52 IST" name="closeBrowser" finished-at="2024-08-25T14:02:53 IST" duration-ms="642" status="PASS">
          <reporter-output>
          </reporter-output>
        </test-method> <!-- closeBrowser -->
      </class> <!-- com.spotify.testscript.AlbumModule -->
    </test> <!-- Default test -->
  </suite> <!-- Default suite -->
</testng-results>
